#
# There is insufficient memory for the Java Runtime Environment to continue.
# Native memory allocation (malloc) failed to allocate 218784 bytes for Chunk::new
# Possible reasons:
#   The system is out of physical RAM or swap space
#   The process is running with CompressedOops enabled, and the Java Heap may be blocking the growth of the native heap
# Possible solutions:
#   Reduce memory load on the system
#   Increase physical memory or swap space
#   Check if swap backing store is full
#   Decrease Java heap size (-Xmx/-Xms)
#   Decrease number of Java threads
#   Decrease Java thread stack sizes (-Xss)
#   Set larger code cache with -XX:ReservedCodeCacheSize=
#   JVM is running with Unscaled Compressed Oops mode in which the Java heap is
#     placed in the first 4GB address space. The Java Heap base address is the
#     maximum limit for the native heap growth. Please use -XX:HeapBaseMinAddress
#     to set the Java Heap base and to place the Java Heap above 4GB virtual address.
# This output file may be truncated or incomplete.
#
#  Out of Memory Error (arena.cpp:189), pid=7780, tid=8188
#
# JRE version: Java(TM) SE Runtime Environment (17.0.2+8) (build 17.0.2+8-LTS-86)
# Java VM: Java HotSpot(TM) 64-Bit Server VM (17.0.2+8-LTS-86, mixed mode, sharing, tiered, compressed oops, compressed class ptrs, serial gc, windows-amd64)
# No core dump will be written. Minidumps are not enabled by default on client versions of Windows
#

---------------  S U M M A R Y ------------

Command Line: -Dfile.encoding=UTF-8 --module-path=C:\Users\acer\Documents\GitHub\New folder\Tugas_java_WPA\build\classes com.tokokomputer.form.Dashboard

Host: AMD E2-6110 APU with AMD Radeon R2 Graphics    , 4 cores, 1G,  Windows 10 , 64 bit Build 19041 (10.0.19041.1706)
Time: Wed Jun  8 01:50:38 2022 SE Asia Standard Time elapsed time: 32.274306 seconds (0d 0h 0m 32s)

---------------  T H R E A D  ---------------

Current thread (0x0000029ab2971110):  JavaThread "C2 CompilerThread0" daemon [_thread_in_native, id=8188, stack(0x000000fd29200000,0x000000fd29300000)]


Current CompileTask:
C2:  32275 2757 %     4       sun.java2d.marlin.MarlinTileGenerator::getAlphaRLE @ 630 (1749 bytes)

Stack: [0x000000fd29200000,0x000000fd29300000]
Native frames: (J=compiled Java code, j=interpreted, Vv=VM code, C=native code)
V  [jvm.dll+0x670baa]
V  [jvm.dll+0x7cfcb4]
V  [jvm.dll+0x7d145e]
V  [jvm.dll+0x7d1ac3]
V  [jvm.dll+0x242bc5]
V  [jvm.dll+0xaa57b]
V  [jvm.dll+0xaab0c]
V  [jvm.dll+0x35fd07]
V  [jvm.dll+0x1b9b68]
V  [jvm.dll+0x215de9]
V  [jvm.dll+0x2150b1]
V  [jvm.dll+0x1a1bbd]
V  [jvm.dll+0x224908]
V  [jvm.dll+0x222a6c]
V  [jvm.dll+0x7859bb]
V  [jvm.dll+0x77ff7a]
V  [jvm.dll+0x66fa35]
C  [ucrtbase.dll+0x21bb2]
C  [KERNEL32.DLL+0x17034]
C  [ntdll.dll+0x52651]


---------------  P R O C E S S  ---------------

Threads class SMR info:
_java_thread_list=0x0000029acb1580a0, length=19, elements={
0x0000029ab2e6ea90, 0x0000029ab2e6ffb0, 0x0000029ab2e7e3a0, 0x0000029ab2962130,
0x0000029ab2964500, 0x0000029ab296bcc0, 0x0000029ab2971110, 0x0000029ab2971ac0,
0x0000029ab297bba0, 0x0000029ab2e59e20, 0x0000029aca0450f0, 0x0000029aca1da320,
0x0000029aca20e530, 0x0000029aca228010, 0x0000029aca2c0660, 0x0000029ab2d9ad60,
0x0000029acb02a390, 0x0000029aca122730, 0x0000029aca1248e0
}

Java Threads: ( => current thread )
  0x0000029ab2e6ea90 JavaThread "Reference Handler" daemon [_thread_blocked, id=4864, stack(0x000000fd28c00000,0x000000fd28d00000)]
  0x0000029ab2e6ffb0 JavaThread "Finalizer" daemon [_thread_blocked, id=9964, stack(0x000000fd28d00000,0x000000fd28e00000)]
  0x0000029ab2e7e3a0 JavaThread "Signal Dispatcher" daemon [_thread_blocked, id=5208, stack(0x000000fd28e00000,0x000000fd28f00000)]
  0x0000029ab2962130 JavaThread "Attach Listener" daemon [_thread_blocked, id=2972, stack(0x000000fd28f00000,0x000000fd29000000)]
  0x0000029ab2964500 JavaThread "Service Thread" daemon [_thread_blocked, id=10380, stack(0x000000fd29000000,0x000000fd29100000)]
  0x0000029ab296bcc0 JavaThread "Monitor Deflation Thread" daemon [_thread_blocked, id=10752, stack(0x000000fd29100000,0x000000fd29200000)]
=>0x0000029ab2971110 JavaThread "C2 CompilerThread0" daemon [_thread_in_native, id=8188, stack(0x000000fd29200000,0x000000fd29300000)]
  0x0000029ab2971ac0 JavaThread "C1 CompilerThread0" daemon [_thread_blocked, id=9440, stack(0x000000fd29300000,0x000000fd29400000)]
  0x0000029ab297bba0 JavaThread "Sweeper thread" daemon [_thread_blocked, id=3112, stack(0x000000fd29400000,0x000000fd29500000)]
  0x0000029ab2e59e20 JavaThread "Common-Cleaner" daemon [_thread_blocked, id=1316, stack(0x000000fd29500000,0x000000fd29600000)]
  0x0000029aca0450f0 JavaThread "Notification Thread" daemon [_thread_blocked, id=5316, stack(0x000000fd29600000,0x000000fd29700000)]
  0x0000029aca1da320 JavaThread "Java2D Disposer" daemon [_thread_blocked, id=2100, stack(0x000000fd29800000,0x000000fd29900000)]
  0x0000029aca20e530 JavaThread "AWT-Shutdown" [_thread_blocked, id=8576, stack(0x000000fd29900000,0x000000fd29a00000)]
  0x0000029aca228010 JavaThread "AWT-Windows" daemon [_thread_in_native, id=4216, stack(0x000000fd29a00000,0x000000fd29b00000)]
  0x0000029aca2c0660 JavaThread "AWT-EventQueue-0" [_thread_blocked, id=4596, stack(0x000000fd29b00000,0x000000fd29c00000)]
  0x0000029ab2d9ad60 JavaThread "DestroyJavaVM" [_thread_blocked, id=5196, stack(0x000000fd28a00000,0x000000fd28b00000)]
  0x0000029acb02a390 JavaThread "mysql-cj-abandoned-connection-cleanup" daemon [_thread_blocked, id=10248, stack(0x000000fd2a700000,0x000000fd2a800000)]
  0x0000029aca122730 JavaThread "D3D Screen Updater" daemon [_thread_blocked, id=9164, stack(0x000000fd2a800000,0x000000fd2a900000)]
  0x0000029aca1248e0 JavaThread "TimerQueue" daemon [_thread_blocked, id=6456, stack(0x000000fd2ab00000,0x000000fd2ac00000)]

Other Threads:
  0x0000029ab2e69710 VMThread "VM Thread" [stack: 0x000000fd28b00000,0x000000fd28c00000] [id=11552]
  0x0000029aca0455c0 WatcherThread [stack: 0x000000fd29700000,0x000000fd29800000] [id=4588]

Threads with active compile tasks:
C2 CompilerThread0    32415 2757 %     4       sun.java2d.marlin.MarlinTileGenerator::getAlphaRLE @ 630 (1749 bytes)

VM state: not at safepoint (normal execution)

VM Mutex/Monitor currently owned by a thread: None

Heap address: 0x00000000e4800000, size: 440 MB, Compressed Oops mode: 32-bit

CDS archive(s) mapped at: [0x0000000800000000-0x0000000800bc0000-0x0000000800bc0000), size 12320768, SharedBaseAddress: 0x0000000800000000, ArchiveRelocationMode: 0.
Compressed class space mapped at: 0x0000000800c00000-0x0000000840c00000, reserved size: 1073741824
Narrow klass base: 0x0000000800000000, Narrow klass shift: 0, Narrow klass range: 0x100000000

GC Precious Log:
 CPUs: 4 total, 4 available
 Memory: 1755M
 Large Page Support: Disabled
 NUMA Support: Disabled
 Compressed Oops: Enabled (32-bit)
 Heap Min Capacity: 8M
 Heap Initial Capacity: 28M
 Heap Max Capacity: 440M
 Pre-touch: Disabled

Heap:
 def new generation   total 8640K, used 3769K [0x00000000e4800000, 0x00000000e5150000, 0x00000000edaa0000)
  eden space 7744K,  37% used [0x00000000e4800000, 0x00000000e4ace4e0, 0x00000000e4f90000)
  from space 896K, 100% used [0x00000000e5070000, 0x00000000e5150000, 0x00000000e5150000)
  to   space 896K,   0% used [0x00000000e4f90000, 0x00000000e4f90000, 0x00000000e5070000)
 tenured generation   total 19136K, used 5126K [0x00000000edaa0000, 0x00000000eed50000, 0x0000000100000000)
   the space 19136K,  26% used [0x00000000edaa0000, 0x00000000edfa1b80, 0x00000000edfa1c00, 0x00000000eed50000)
 Metaspace       used 16865K, committed 17088K, reserved 1064960K
  class space    used 1898K, committed 2048K, reserved 1048576K

Card table byte_map: [0x0000029ab2760000,0x0000029ab2840000] _byte_map_base: 0x0000029ab203c000

Polling page: 0x0000029ab0bb0000

Metaspace:

Usage:
  Non-class:     14.62 MB used.
      Class:      1.85 MB used.
       Both:     16.47 MB used.

Virtual space:
  Non-class space:       16.00 MB reserved,      14.69 MB ( 92%) committed,  2 nodes.
      Class space:        1.00 GB reserved,       2.00 MB ( <1%) committed,  1 nodes.
             Both:        1.02 GB reserved,      16.69 MB (  2%) committed. 

Chunk freelists:
   Non-Class:  976.00 KB
       Class:  2.03 MB
        Both:  2.98 MB

MaxMetaspaceSize: unlimited
CompressedClassSpaceSize: 1.00 GB
Initial GC threshold: 21.00 MB
Current GC threshold: 21.00 MB
CDS: on
MetaspaceReclaimPolicy: balanced
 - commit_granule_bytes: 65536.
 - commit_granule_words: 8192.
 - virtual_space_node_default_size: 1048576.
 - enlarge_chunks_in_place: 1.
 - new_chunks_are_fully_committed: 0.
 - uncommit_free_chunks: 1.
 - use_allocation_guard: 0.
 - handle_deallocations: 1.


Internal statistics:

num_allocs_failed_limit: 0.
num_arena_births: 138.
num_arena_deaths: 0.
num_vsnodes_births: 3.
num_vsnodes_deaths: 0.
num_space_committed: 267.
num_space_uncommitted: 0.
num_chunks_returned_to_freelist: 0.
num_chunks_taken_from_freelist: 329.
num_chunk_merges: 0.
num_chunk_splits: 199.
num_chunks_enlarged: 115.
num_purges: 0.
num_inconsistent_stats: 0.

CodeHeap 'non-profiled nmethods': size=120000Kb used=896Kb max_used=896Kb free=119103Kb
 bounds [0x0000029ac20d0000, 0x0000029ac2340000, 0x0000029ac9600000]
CodeHeap 'profiled nmethods': size=120000Kb used=5469Kb max_used=5469Kb free=114530Kb
 bounds [0x0000029ababa0000, 0x0000029abb100000, 0x0000029ac20d0000]
CodeHeap 'non-nmethods': size=5760Kb used=1372Kb max_used=1413Kb free=4387Kb
 bounds [0x0000029aba600000, 0x0000029aba870000, 0x0000029ababa0000]
 total_blobs=3481 nmethods=2753 adapters=641
 compilation: enabled
              stopped_count=0, restarted_count=0
 full_count=0

Compilation events (20 events):
Event: 31.889 Thread 0x0000029ab2971ac0 nmethod 2747 0x0000029abb0f1410 code [0x0000029abb0f15c0, 0x0000029abb0f18a8]
Event: 31.889 Thread 0x0000029ab2971ac0 2748       3       java.util.LinkedHashMap::linkNodeLast (33 bytes)
Event: 31.890 Thread 0x0000029ab2971ac0 nmethod 2748 0x0000029abb0f1a10 code [0x0000029abb0f1bc0, 0x0000029abb0f1db8]
Event: 31.890 Thread 0x0000029ab2971ac0 2749       3       java.util.LinkedHashMap::afterNodeInsertion (40 bytes)
Event: 31.891 Thread 0x0000029ab2971ac0 nmethod 2749 0x0000029abb0f1e90 code [0x0000029abb0f2060, 0x0000029abb0f24e8]
Event: 32.134 Thread 0x0000029ab2971ac0 2750       3       javax.swing.text.GapContent::compare (28 bytes)
Event: 32.135 Thread 0x0000029ab2971ac0 nmethod 2750 0x0000029abb0f2690 code [0x0000029abb0f2840, 0x0000029abb0f2a38]
Event: 32.141 Thread 0x0000029ab2971110 2751       4       java.awt.KeyboardFocusManager::getCurrentKeyboardFocusManager (7 bytes)
Event: 32.144 Thread 0x0000029ab2971ac0 2752       3       javax.swing.plaf.synth.SynthPanelUI::getContext (11 bytes)
Event: 32.148 Thread 0x0000029ab2971ac0 nmethod 2752 0x0000029abb0f2b10 code [0x0000029abb0f2d80, 0x0000029abb0f3928]
Event: 32.148 Thread 0x0000029ab2971ac0 2754       3       javax.swing.text.View::getDocument (10 bytes)
Event: 32.149 Thread 0x0000029ab2971ac0 nmethod 2754 0x0000029abb0f3d10 code [0x0000029abb0f3ea0, 0x0000029abb0f4098]
Event: 32.149 Thread 0x0000029ab2971ac0 2753       3       javax.swing.plaf.synth.SynthPanelUI::getComponentState (5 bytes)
Event: 32.151 Thread 0x0000029ab2971ac0 nmethod 2753 0x0000029abb0f4190 code [0x0000029abb0f43a0, 0x0000029abb0f4a88]
Event: 32.155 Thread 0x0000029ab2971ac0 2755   !   3       sun.java2d.pipe.BufferedRenderPipe$AAParallelogramPipe::fillParallelogram (156 bytes)
Event: 32.160 Thread 0x0000029ab2971ac0 nmethod 2755 0x0000029abb0f4c90 code [0x0000029abb0f4fc0, 0x0000029abb0f6008]
Event: 32.160 Thread 0x0000029ab2971ac0 2756   !   3       sun.java2d.d3d.D3DRenderer::validateContextAA (53 bytes)
Event: 32.164 Thread 0x0000029ab2971ac0 nmethod 2756 0x0000029abb0f6e90 code [0x0000029abb0f7080, 0x0000029abb0f7558]
Event: 32.169 Thread 0x0000029ab2971110 nmethod 2751 0x0000029ac21af090 code [0x0000029ac21af280, 0x0000029ac21afb48]
Event: 32.177 Thread 0x0000029ab2971110 2757 %     4       sun.java2d.marlin.MarlinTileGenerator::getAlphaRLE @ 630 (1749 bytes)

GC Heap History (6 events):
Event: 3.256 GC heap before
{Heap before GC invocations=0 (full 0):
 def new generation   total 8640K, used 7744K [0x00000000e4800000, 0x00000000e5150000, 0x00000000edaa0000)
  eden space 7744K, 100% used [0x00000000e4800000, 0x00000000e4f90000, 0x00000000e4f90000)
  from space 896K,   0% used [0x00000000e4f90000, 0x00000000e4f90000, 0x00000000e5070000)
  to   space 896K,   0% used [0x00000000e5070000, 0x00000000e5070000, 0x00000000e5150000)
 tenured generation   total 19136K, used 0K [0x00000000edaa0000, 0x00000000eed50000, 0x0000000100000000)
   the space 19136K,   0% used [0x00000000edaa0000, 0x00000000edaa0000, 0x00000000edaa0200, 0x00000000eed50000)
 Metaspace       used 9093K, committed 9344K, reserved 1056768K
  class space    used 1111K, committed 1216K, reserved 1048576K
}
Event: 3.286 GC heap after
{Heap after GC invocations=1 (full 0):
 def new generation   total 8640K, used 896K [0x00000000e4800000, 0x00000000e5150000, 0x00000000edaa0000)
  eden space 7744K,   0% used [0x00000000e4800000, 0x00000000e4800000, 0x00000000e4f90000)
  from space 896K, 100% used [0x00000000e5070000, 0x00000000e5150000, 0x00000000e5150000)
  to   space 896K,   0% used [0x00000000e4f90000, 0x00000000e4f90000, 0x00000000e5070000)
 tenured generation   total 19136K, used 2132K [0x00000000edaa0000, 0x00000000eed50000, 0x0000000100000000)
   the space 19136K,  11% used [0x00000000edaa0000, 0x00000000edcb5030, 0x00000000edcb5200, 0x00000000eed50000)
 Metaspace       used 9093K, committed 9344K, reserved 1056768K
  class space    used 1111K, committed 1216K, reserved 1048576K
}
Event: 5.130 GC heap before
{Heap before GC invocations=1 (full 0):
 def new generation   total 8640K, used 8640K [0x00000000e4800000, 0x00000000e5150000, 0x00000000edaa0000)
  eden space 7744K, 100% used [0x00000000e4800000, 0x00000000e4f90000, 0x00000000e4f90000)
  from space 896K, 100% used [0x00000000e5070000, 0x00000000e5150000, 0x00000000e5150000)
  to   space 896K,   0% used [0x00000000e4f90000, 0x00000000e4f90000, 0x00000000e5070000)
 tenured generation   total 19136K, used 2132K [0x00000000edaa0000, 0x00000000eed50000, 0x0000000100000000)
   the space 19136K,  11% used [0x00000000edaa0000, 0x00000000edcb5030, 0x00000000edcb5200, 0x00000000eed50000)
 Metaspace       used 12537K, committed 12800K, reserved 1064960K
  class space    used 1489K, committed 1600K, reserved 1048576K
}
Event: 5.159 GC heap after
{Heap after GC invocations=2 (full 0):
 def new generation   total 8640K, used 895K [0x00000000e4800000, 0x00000000e5150000, 0x00000000edaa0000)
  eden space 7744K,   0% used [0x00000000e4800000, 0x00000000e4800000, 0x00000000e4f90000)
  from space 896K,  99% used [0x00000000e4f90000, 0x00000000e506fff8, 0x00000000e5070000)
  to   space 896K,   0% used [0x00000000e5070000, 0x00000000e5070000, 0x00000000e5150000)
 tenured generation   total 19136K, used 3985K [0x00000000edaa0000, 0x00000000eed50000, 0x0000000100000000)
   the space 19136K,  20% used [0x00000000edaa0000, 0x00000000ede84678, 0x00000000ede84800, 0x00000000eed50000)
 Metaspace       used 12537K, committed 12800K, reserved 1064960K
  class space    used 1489K, committed 1600K, reserved 1048576K
}
Event: 10.108 GC heap before
{Heap before GC invocations=2 (full 0):
 def new generation   total 8640K, used 8639K [0x00000000e4800000, 0x00000000e5150000, 0x00000000edaa0000)
  eden space 7744K, 100% used [0x00000000e4800000, 0x00000000e4f90000, 0x00000000e4f90000)
  from space 896K,  99% used [0x00000000e4f90000, 0x00000000e506fff8, 0x00000000e5070000)
  to   space 896K,   0% used [0x00000000e5070000, 0x00000000e5070000, 0x00000000e5150000)
 tenured generation   total 19136K, used 3985K [0x00000000edaa0000, 0x00000000eed50000, 0x0000000100000000)
   the space 19136K,  20% used [0x00000000edaa0000, 0x00000000ede84678, 0x00000000ede84800, 0x00000000eed50000)
 Metaspace       used 16254K, committed 16448K, reserved 1064960K
  class space    used 1855K, committed 1984K, reserved 1048576K
}
Event: 10.128 GC heap after
{Heap after GC invocations=3 (full 0):
 def new generation   total 8640K, used 896K [0x00000000e4800000, 0x00000000e5150000, 0x00000000edaa0000)
  eden space 7744K,   0% used [0x00000000e4800000, 0x00000000e4800000, 0x00000000e4f90000)
  from space 896K, 100% used [0x00000000e5070000, 0x00000000e5150000, 0x00000000e5150000)
  to   space 896K,   0% used [0x00000000e4f90000, 0x00000000e4f90000, 0x00000000e5070000)
 tenured generation   total 19136K, used 5126K [0x00000000edaa0000, 0x00000000eed50000, 0x0000000100000000)
   the space 19136K,  26% used [0x00000000edaa0000, 0x00000000edfa1b80, 0x00000000edfa1c00, 0x00000000eed50000)
 Metaspace       used 16254K, committed 16448K, reserved 1064960K
  class space    used 1855K, committed 1984K, reserved 1048576K
}

Deoptimization events (20 events):
Event: 11.884 Thread 0x0000029aca2c0660 DEOPT PACKING pc=0x0000029abaf1f009 sp=0x000000fd29bfc8d0
Event: 11.884 Thread 0x0000029aca2c0660 DEOPT UNPACKING pc=0x0000029aba652843 sp=0x000000fd29bfbd58 mode 0
Event: 11.912 Thread 0x0000029aca2c0660 DEOPT PACKING pc=0x0000029abaf1f009 sp=0x000000fd29bfc8d0
Event: 11.912 Thread 0x0000029aca2c0660 DEOPT UNPACKING pc=0x0000029aba652843 sp=0x000000fd29bfbd58 mode 0
Event: 11.945 Thread 0x0000029aca2c0660 DEOPT PACKING pc=0x0000029abaf1f009 sp=0x000000fd29bfc8d0
Event: 11.945 Thread 0x0000029aca2c0660 DEOPT UNPACKING pc=0x0000029aba652843 sp=0x000000fd29bfbd58 mode 0
Event: 25.015 Thread 0x0000029aca2c0660 Uncommon trap: trap_request=0xffffff45 fr.pc=0x0000029ac216703c relative=0x0000000000000d5c
Event: 25.015 Thread 0x0000029aca2c0660 Uncommon trap: reason=unstable_if action=reinterpret pc=0x0000029ac216703c method=sun.java2d.marlin.MarlinCache.copyAARowRLE_WithBlockFlags([I[IIII)V @ 307 c2
Event: 25.015 Thread 0x0000029aca2c0660 DEOPT PACKING pc=0x0000029ac216703c sp=0x000000fd29bfcfe0
Event: 25.016 Thread 0x0000029aca2c0660 DEOPT UNPACKING pc=0x0000029aba6520a3 sp=0x000000fd29bfceb8 mode 2
Event: 27.007 Thread 0x0000029aca2c0660 DEOPT PACKING pc=0x0000029abaf85642 sp=0x000000fd29bfd150
Event: 27.008 Thread 0x0000029aca2c0660 DEOPT UNPACKING pc=0x0000029aba652843 sp=0x000000fd29bfc530 mode 0
Event: 28.312 Thread 0x0000029aca2c0660 DEOPT PACKING pc=0x0000029abaeebb89 sp=0x000000fd29bfd150
Event: 28.312 Thread 0x0000029aca2c0660 DEOPT UNPACKING pc=0x0000029aba652843 sp=0x000000fd29bfc4d8 mode 0
Event: 28.338 Thread 0x0000029aca2c0660 Uncommon trap: trap_request=0xffffff45 fr.pc=0x0000029ac21a7e54 relative=0x00000000000027b4
Event: 28.338 Thread 0x0000029aca2c0660 Uncommon trap: reason=unstable_if action=reinterpret pc=0x0000029ac21a7e54 method=sun.java2d.marlin.Renderer._endRendering(II)V @ 2419 c2
Event: 28.338 Thread 0x0000029aca2c0660 DEOPT PACKING pc=0x0000029ac21a7e54 sp=0x000000fd29bfd0b0
Event: 28.338 Thread 0x0000029aca2c0660 DEOPT UNPACKING pc=0x0000029aba6520a3 sp=0x000000fd29bfce98 mode 2
Event: 30.881 Thread 0x0000029aca2c0660 DEOPT PACKING pc=0x0000029abb0e00c2 sp=0x000000fd29bfd170
Event: 30.882 Thread 0x0000029aca2c0660 DEOPT UNPACKING pc=0x0000029aba652843 sp=0x000000fd29bfc538 mode 0

Classes unloaded (0 events):
No events

Classes redefined (0 events):
No events

Internal exceptions (20 events):
Event: 1.879 Thread 0x0000029ab2d9ad60 Exception <a 'java/lang/ClassNotFoundException'{0x00000000e4c9c1a8}: ToggleButton> (0x00000000e4c9c1a8) 
thrown [t:\workspace\open\src\hotspot\share\classfile\systemDictionary.cpp, line 256]
Event: 1.880 Thread 0x0000029ab2d9ad60 Exception <a 'java/lang/ClassNotFoundException'{0x00000000e4c9c5e8}: javax/swing/JToolBarSeparator> (0x00000000e4c9c5e8) 
thrown [t:\workspace\open\src\hotspot\share\classfile\systemDictionary.cpp, line 256]
Event: 1.880 Thread 0x0000029ab2d9ad60 Exception <a 'java/lang/ClassNotFoundException'{0x00000000e4c9c8f0}: ToolBarSeparator> (0x00000000e4c9c8f0) 
thrown [t:\workspace\open\src\hotspot\share\classfile\systemDictionary.cpp, line 256]
Event: 1.881 Thread 0x0000029ab2d9ad60 Exception <a 'java/lang/ClassNotFoundException'{0x00000000e4c9ce08}: ToolTip> (0x00000000e4c9ce08) 
thrown [t:\workspace\open\src\hotspot\share\classfile\systemDictionary.cpp, line 256]
Event: 1.886 Thread 0x0000029ab2d9ad60 Exception <a 'java/lang/ClassNotFoundException'{0x00000000e4c9d758}: Tree> (0x00000000e4c9d758) 
thrown [t:\workspace\open\src\hotspot\share\classfile\systemDictionary.cpp, line 256]
Event: 1.886 Thread 0x0000029ab2d9ad60 Exception <a 'java/lang/ClassNotFoundException'{0x00000000e4c9dc50}: Tree> (0x00000000e4c9dc50) 
thrown [t:\workspace\open\src\hotspot\share\classfile\systemDictionary.cpp, line 256]
Event: 1.886 Thread 0x0000029ab2d9ad60 Exception <a 'java/lang/ClassNotFoundException'{0x00000000e4c9dfc0}: javax/swing/JTreeCell> (0x00000000e4c9dfc0) 
thrown [t:\workspace\open\src\hotspot\share\classfile\systemDictionary.cpp, line 256]
Event: 1.886 Thread 0x0000029ab2d9ad60 Exception <a 'java/lang/ClassNotFoundException'{0x00000000e4c9e2c0}: TreeCell> (0x00000000e4c9e2c0) 
thrown [t:\workspace\open\src\hotspot\share\classfile\systemDictionary.cpp, line 256]
Event: 1.888 Thread 0x0000029ab2d9ad60 Exception <a 'java/lang/ClassNotFoundException'{0x00000000e4c9ea80}: RootPane> (0x00000000e4c9ea80) 
thrown [t:\workspace\open\src\hotspot\share\classfile\systemDictionary.cpp, line 256]
Event: 1.897 Thread 0x0000029ab2d9ad60 Exception <a 'java/lang/ClassNotFoundException'{0x00000000e4ca18d0}: com/sun/swing/internal/plaf/metal/resources/spi/metalProvider> (0x00000000e4ca18d0) 
thrown [t:\workspace\open\src\hotspot\share\classfile\systemDictionary.cpp, line 256]
Event: 1.902 Thread 0x0000029ab2d9ad60 Exception <a 'java/lang/ClassNotFoundException'{0x00000000e4ca54d0}: com/sun/swing/internal/plaf/basic/resources/spi/basicProvider> (0x00000000e4ca54d0) 
thrown [t:\workspace\open\src\hotspot\share\classfile\systemDictionary.cpp, line 256]
Event: 2.475 Thread 0x0000029aca2c0660 Exception <a 'java/lang/ClassNotFoundException'{0x00000000e4d21590}: com/sun/swing/internal/plaf/synth/resources/spi/synthProvider> (0x00000000e4d21590) 
thrown [t:\workspace\open\src\hotspot\share\classfile\systemDictionary.cpp, line 256]
Event: 3.363 Thread 0x0000029acae03cc0 Exception <a 'java/lang/NoSuchMethodError'{0x00000000e48b8fc0}: 'java.lang.Object java.lang.invoke.DirectMethodHandle$Holder.newInvokeSpecial(java.lang.Object, java.lang.Object, java.lang.Object, int, int, int, int, int)'> (0x00000000e48b8fc0) 
thrown [t:\workspace\open\src\hotspot\share\interpreter\linkResolver.cpp, line 766]
Event: 3.792 Thread 0x0000029aca228010 Exception <a 'java/lang/NoSuchMethodError'{0x00000000e4b00350}: 'void java.lang.invoke.DirectMethodHandle$Holder.invokeVirtual(java.lang.Object, java.lang.Object)'> (0x00000000e4b00350) 
thrown [t:\workspace\open\src\hotspot\share\interpreter\linkResolver.cpp, line 766]
Event: 3.913 Thread 0x0000029aca2c0660 Exception <a 'java/lang/NoSuchMethodError'{0x00000000e4b275e8}: 'void java.lang.invoke.DirectMethodHandle$Holder.invokeStaticInit(java.lang.Object)'> (0x00000000e4b275e8) 
thrown [t:\workspace\open\src\hotspot\share\interpreter\linkResolver.cpp, line 766]
Event: 4.882 Thread 0x0000029aca2c0660 Exception <a 'java/lang/NoSuchMethodError'{0x00000000e4d63568}: 'java.lang.Object java.lang.invoke.DirectMethodHandle$Holder.invokeInterface(java.lang.Object, java.lang.Object)'> (0x00000000e4d63568) 
thrown [t:\workspace\open\src\hotspot\share\interpreter\linkResolver.cpp, line 766]
Event: 4.982 Thread 0x0000029aca2c0660 Exception <a 'java/lang/NoSuchMethodError'{0x00000000e4de38e0}: 'void java.lang.invoke.DirectMethodHandle$Holder.invokeStatic(java.lang.Object, java.lang.Object, java.lang.Object)'> (0x00000000e4de38e0) 
thrown [t:\workspace\open\src\hotspot\share\interpreter\linkResolver.cpp, line 766]
Event: 4.987 Thread 0x0000029aca2c0660 Exception <a 'java/lang/NoSuchMethodError'{0x00000000e4ded7b0}: 'java.lang.Object java.lang.invoke.DirectMethodHandle$Holder.invokeVirtual(java.lang.Object, java.lang.Object, java.lang.Object)'> (0x00000000e4ded7b0) 
thrown [t:\workspace\open\src\hotspot\share\interpreter\linkResolver.cpp, line 766]
Event: 5.393 Thread 0x0000029aca2c0660 Exception <a 'java/lang/NoSuchMethodError'{0x00000000e49993c0}: 'void java.lang.invoke.DirectMethodHandle$Holder.invokeStatic(java.lang.Object, java.lang.Object)'> (0x00000000e49993c0) 
thrown [t:\workspace\open\src\hotspot\share\interpreter\linkResolver.cpp, line 766]
Event: 11.317 Thread 0x0000029aca2c0660 Implicit null exception at 0x0000029ac21726b0 to 0x0000029ac2172711

VM Operations (20 events):
Event: 19.193 Executing VM operation: Cleanup
Event: 19.193 Executing VM operation: Cleanup done
Event: 20.207 Executing VM operation: Cleanup
Event: 20.208 Executing VM operation: Cleanup done
Event: 21.214 Executing VM operation: Cleanup
Event: 21.214 Executing VM operation: Cleanup done
Event: 22.228 Executing VM operation: Cleanup
Event: 22.228 Executing VM operation: Cleanup done
Event: 23.233 Executing VM operation: Cleanup
Event: 23.233 Executing VM operation: Cleanup done
Event: 25.244 Executing VM operation: Cleanup
Event: 25.244 Executing VM operation: Cleanup done
Event: 26.245 Executing VM operation: Cleanup
Event: 26.245 Executing VM operation: Cleanup done
Event: 27.259 Executing VM operation: Cleanup
Event: 27.259 Executing VM operation: Cleanup done
Event: 29.273 Executing VM operation: Cleanup
Event: 29.273 Executing VM operation: Cleanup done
Event: 31.289 Executing VM operation: Cleanup
Event: 31.289 Executing VM operation: Cleanup done

Events (20 events):
Event: 25.076 loading class javax/swing/text/GapContent$UndoPosRef
Event: 25.077 loading class javax/swing/text/GapContent$UndoPosRef done
Event: 30.860 loading class javax/swing/text/JTextComponent$InputMethodRequestsHandler
Event: 30.864 loading class javax/swing/text/JTextComponent$InputMethodRequestsHandler done
Event: 32.092 loading class sun/awt/DebugSettings
Event: 32.103 loading class sun/awt/DebugSettings done
Event: 32.124 loading class javax/swing/JComponent$KeyboardState
Event: 32.128 loading class javax/swing/JComponent$KeyboardState done
Event: 32.128 loading class javax/swing/JComponent$IntVector
Event: 32.129 loading class javax/swing/JComponent$IntVector done
Event: 32.131 loading class javax/swing/JComponent$ActionStandin
Event: 32.134 loading class javax/swing/JComponent$ActionStandin done
Event: 32.183 loading class javax/swing/KeyboardManager
Event: 32.191 loading class javax/swing/KeyboardManager done
Event: 32.191 loading class javax/swing/Popup$HeavyWeightWindow
Event: 32.192 loading class sun/awt/ModalExclude
Event: 32.194 loading class sun/awt/ModalExclude done
Event: 32.194 loading class javax/swing/JWindow
Event: 32.206 loading class javax/swing/JWindow done
Event: 32.210 loading class javax/swing/Popup$HeavyWeightWindow done


Dynamic libraries:
0x00007ff7a1470000 - 0x00007ff7a1480000 	C:\Program Files\Java\jdk-17.0.2\bin\java.exe
0x00007ffb69b30000 - 0x00007ffb69d25000 	C:\Windows\SYSTEM32\ntdll.dll
0x00007ffb67fb0000 - 0x00007ffb6806d000 	C:\Windows\System32\KERNEL32.DLL
0x00007ffb674f0000 - 0x00007ffb677bd000 	C:\Windows\System32\KERNELBASE.dll
0x00007ffb67810000 - 0x00007ffb67910000 	C:\Windows\System32\ucrtbase.dll
0x00007ffb5d390000 - 0x00007ffb5d3aa000 	C:\Program Files\Java\jdk-17.0.2\bin\VCRUNTIME140.dll
0x00007ffb5efb0000 - 0x00007ffb5efc8000 	C:\Program Files\Java\jdk-17.0.2\bin\jli.dll
0x00007ffb68120000 - 0x00007ffb681ce000 	C:\Windows\System32\ADVAPI32.dll
0x00007ffb69a20000 - 0x00007ffb69abe000 	C:\Windows\System32\msvcrt.dll
0x00007ffb681d0000 - 0x00007ffb6826c000 	C:\Windows\System32\sechost.dll
0x00007ffb691d0000 - 0x00007ffb692f5000 	C:\Windows\System32\RPCRT4.dll
0x00007ffb687a0000 - 0x00007ffb68940000 	C:\Windows\System32\USER32.dll
0x00007ffb67b50000 - 0x00007ffb67b72000 	C:\Windows\System32\win32u.dll
0x00007ffb5a030000 - 0x00007ffb5a2ca000 	C:\Windows\WinSxS\amd64_microsoft.windows.common-controls_6595b64144ccf1df_6.0.19041.1110_none_60b5254171f9507e\COMCTL32.dll
0x00007ffb69ac0000 - 0x00007ffb69aea000 	C:\Windows\System32\GDI32.dll
0x00007ffb672d0000 - 0x00007ffb673db000 	C:\Windows\System32\gdi32full.dll
0x00007ffb673e0000 - 0x00007ffb6747d000 	C:\Windows\System32\msvcp_win.dll
0x00007ffb5ed50000 - 0x00007ffb5ed5a000 	C:\Windows\SYSTEM32\VERSION.dll
0x00007ffb680f0000 - 0x00007ffb68120000 	C:\Windows\System32\IMM32.DLL
0x00007ffb5d770000 - 0x00007ffb5d77c000 	C:\Program Files\Java\jdk-17.0.2\bin\vcruntime140_1.dll
0x00007ffb575a0000 - 0x00007ffb5762d000 	C:\Program Files\Java\jdk-17.0.2\bin\msvcp140.dll
0x00007ffb3a3e0000 - 0x00007ffb3afa1000 	C:\Program Files\Java\jdk-17.0.2\bin\server\jvm.dll
0x00007ffb69390000 - 0x00007ffb69398000 	C:\Windows\System32\PSAPI.DLL
0x00007ffb5e5e0000 - 0x00007ffb5e607000 	C:\Windows\SYSTEM32\WINMM.dll
0x00007ffb5e800000 - 0x00007ffb5e809000 	C:\Windows\SYSTEM32\WSOCK32.dll
0x00007ffb68080000 - 0x00007ffb680eb000 	C:\Windows\System32\ws2_32.DLL
0x00007ffb65140000 - 0x00007ffb65152000 	C:\Windows\SYSTEM32\kernel.appcore.dll
0x00007ffb59fc0000 - 0x00007ffb59fca000 	C:\Program Files\Java\jdk-17.0.2\bin\jimage.dll
0x00007ffb53c90000 - 0x00007ffb53e74000 	C:\Windows\SYSTEM32\DBGHELP.DLL
0x00007ffb53c60000 - 0x00007ffb53c8c000 	C:\Windows\SYSTEM32\dbgcore.DLL
0x00007ffb67240000 - 0x00007ffb672c2000 	C:\Windows\System32\bcryptPrimitives.dll
0x00007ffb4bc60000 - 0x00007ffb4bc85000 	C:\Program Files\Java\jdk-17.0.2\bin\java.dll
0x00007ffb36f70000 - 0x00007ffb37046000 	C:\Program Files\Java\jdk-17.0.2\bin\jsvml.dll
0x00007ffb68a20000 - 0x00007ffb69164000 	C:\Windows\System32\SHELL32.dll
0x00007ffb65340000 - 0x00007ffb65ad4000 	C:\Windows\SYSTEM32\windows.storage.dll
0x00007ffb68390000 - 0x00007ffb686e4000 	C:\Windows\System32\combase.dll
0x00007ffb66c30000 - 0x00007ffb66c5c000 	C:\Windows\SYSTEM32\Wldp.dll
0x00007ffb67be0000 - 0x00007ffb67c8d000 	C:\Windows\System32\SHCORE.dll
0x00007ffb69170000 - 0x00007ffb691c5000 	C:\Windows\System32\shlwapi.dll
0x00007ffb67180000 - 0x00007ffb6719f000 	C:\Windows\SYSTEM32\profapi.dll
0x00007ffb58230000 - 0x00007ffb58249000 	C:\Program Files\Java\jdk-17.0.2\bin\net.dll
0x00007ffb57970000 - 0x00007ffb57a7a000 	C:\Windows\SYSTEM32\WINHTTP.dll
0x00007ffb66990000 - 0x00007ffb669fa000 	C:\Windows\system32\mswsock.dll
0x00007ffb4cfe0000 - 0x00007ffb4cff6000 	C:\Program Files\Java\jdk-17.0.2\bin\nio.dll
0x00007ffb4c390000 - 0x00007ffb4c3a8000 	C:\Program Files\Java\jdk-17.0.2\bin\zip.dll
0x00007ffb4f580000 - 0x00007ffb4f70f000 	C:\Program Files\Java\jdk-17.0.2\bin\awt.dll
0x00007ffb693a0000 - 0x00007ffb6946d000 	C:\Windows\System32\OLEAUT32.dll
0x00007ffb64ac0000 - 0x00007ffb64b50000 	C:\Windows\SYSTEM32\apphelp.dll
0x00007ffb64c60000 - 0x00007ffb64cfe000 	C:\Windows\system32\uxtheme.dll
0x00007ffb68270000 - 0x00007ffb68385000 	C:\Windows\System32\MSCTF.dll
0x00007ffb69470000 - 0x00007ffb6959a000 	C:\Windows\System32\ole32.dll
0x00007ffb56e30000 - 0x00007ffb56e48000 	C:\Program Files (x86)\Smadav\SmadHook64c.dll
0x00007ffb67480000 - 0x00007ffb674e8000 	C:\Windows\System32\WINTRUST.dll
0x00007ffb67910000 - 0x00007ffb67a66000 	C:\Windows\System32\CRYPT32.dll
0x00007ffb66e30000 - 0x00007ffb66e42000 	C:\Windows\System32\MSASN1.dll
0x00007ffb65030000 - 0x00007ffb6505f000 	C:\Windows\system32\DWMAPI.DLL
0x00007ffb4f3d0000 - 0x00007ffb4f459000 	C:\Program Files\Java\jdk-17.0.2\bin\freetype.dll
0x00007ffb4d970000 - 0x00007ffb4da18000 	C:\Program Files\Java\jdk-17.0.2\bin\fontmanager.dll
0x00007ffb4da20000 - 0x00007ffb4db46000 	C:\Windows\system32\opengl32.dll
0x00007ffb57530000 - 0x00007ffb5755c000 	C:\Windows\SYSTEM32\GLU32.dll
0x00007ffb45ad0000 - 0x00007ffb45c9f000 	C:\Windows\system32\d3d9.dll
0x00007ffb5ed60000 - 0x00007ffb5ef3b000 	C:\Windows\System32\DriverStore\FileRepository\u0360470.inf_amd64_35c64671e7fac064\B360357\aticfx64.dll
0x00007ffb5d2b0000 - 0x00007ffb5d2e3000 	C:\Windows\System32\DriverStore\FileRepository\u0360470.inf_amd64_35c64671e7fac064\B360357\atiu9p64.dll
0x00007ffb3e5b0000 - 0x00007ffb3f246000 	C:\Windows\System32\DriverStore\FileRepository\u0360470.inf_amd64_35c64671e7fac064\B360357\atiumd64.dll
0x00000000539f0000 - 0x0000000054869000 	C:\Windows\System32\DriverStore\FileRepository\u0360470.inf_amd64_35c64671e7fac064\B360357\atiumd6a.dll
0x00007ffb66de0000 - 0x00007ffb66e2b000 	C:\Windows\SYSTEM32\POWRPROF.dll
0x00007ffb66dc0000 - 0x00007ffb66dd2000 	C:\Windows\SYSTEM32\UMPDC.dll
0x00007ffb5e420000 - 0x00007ffb5e44f000 	C:\Windows\SYSTEM32\amdihk64.dll
0x00007ffb5f030000 - 0x00007ffb5f06b000 	C:\Windows\SYSTEM32\dxcore.dll
0x00007ffb677c0000 - 0x00007ffb6780e000 	C:\Windows\System32\cfgmgr32.dll
0x00007ffb686f0000 - 0x00007ffb68799000 	C:\Windows\System32\clbcatq.dll
0x00007ffb61950000 - 0x00007ffb61b04000 	C:\Windows\SYSTEM32\WindowsCodecs.dll
0x00007ffb67b20000 - 0x00007ffb67b47000 	C:\Windows\System32\bcrypt.dll
0x00007ffb56f80000 - 0x00007ffb56fbe000 	C:\Windows\system32\dataexchange.dll
0x00007ffb63670000 - 0x00007ffb638d4000 	C:\Windows\system32\d3d11.dll
0x00007ffb63ea0000 - 0x00007ffb64085000 	C:\Windows\system32\dcomp.dll
0x00007ffb65b40000 - 0x00007ffb65c33000 	C:\Windows\system32\dxgi.dll
0x00007ffb61b60000 - 0x00007ffb61d61000 	C:\Windows\system32\twinapi.appcore.dll
0x00007ffb66660000 - 0x00007ffb6672b000 	C:\Windows\SYSTEM32\DNSAPI.dll
0x00007ffb66620000 - 0x00007ffb6665b000 	C:\Windows\SYSTEM32\IPHLPAPI.DLL
0x00007ffb67c90000 - 0x00007ffb67c98000 	C:\Windows\System32\NSI.dll
0x00007ffb56d20000 - 0x00007ffb56d2a000 	C:\Windows\System32\rasadhlp.dll
0x00007ffb57630000 - 0x00007ffb576b0000 	C:\Windows\System32\fwpuclnt.dll
0x00007ffb5e650000 - 0x00007ffb5e749000 	C:\Windows\SYSTEM32\textinputframework.dll
0x00007ffb64090000 - 0x00007ffb643ee000 	C:\Windows\System32\CoreUIComponents.dll
0x00007ffb64950000 - 0x00007ffb64a42000 	C:\Windows\System32\CoreMessaging.dll
0x00007ffb65f40000 - 0x00007ffb65f73000 	C:\Windows\SYSTEM32\ntmarta.dll
0x00007ffb630b0000 - 0x00007ffb63204000 	C:\Windows\SYSTEM32\wintypes.dll

dbghelp: loaded successfully - version: 4.0.5 - missing functions: none
symbol engine: initialized successfully - sym options: 0x614 - pdb path: .;C:\Program Files\Java\jdk-17.0.2\bin;C:\Windows\SYSTEM32;C:\Windows\WinSxS\amd64_microsoft.windows.common-controls_6595b64144ccf1df_6.0.19041.1110_none_60b5254171f9507e;C:\Program Files\Java\jdk-17.0.2\bin\server;C:\Program Files (x86)\Smadav;C:\Windows\System32\DriverStore\FileRepository\u0360470.inf_amd64_35c64671e7fac064\B360357

VM Arguments:
jvm_args: -Dfile.encoding=UTF-8 --module-path=C:\Users\acer\Documents\GitHub\New folder\Tugas_java_WPA\build\classes 
java_command: com.tokokomputer.form.Dashboard
java_class_path (initial): C:\Users\acer\Downloads\mysql-connector-java-8.0.28\mysql-connector-java-8.0.28.jar;C:\Program Files\NetBeans-12.5\netbeans\java\modules\ext\AbsoluteLayout.jar;C:\Users\acer\Documents\GitHub\New folder\aplikasi-kasir-sederhana-java-netbeans\itextpdf-5.5.9.jar;C:\Users\acer\Documents\GitHub\New folder\Tugas_java_WPA\build\classes
Launcher Type: SUN_STANDARD

[Global flags]
     intx CICompilerCount                          = 3                                         {product} {ergonomic}
   size_t InitialHeapSize                          = 29360128                                  {product} {ergonomic}
   size_t MaxHeapSize                              = 461373440                                 {product} {ergonomic}
   size_t MaxNewSize                               = 153747456                                 {product} {ergonomic}
   size_t MinHeapDeltaBytes                        = 196608                                    {product} {ergonomic}
   size_t MinHeapSize                              = 8388608                                   {product} {ergonomic}
   size_t NewSize                                  = 9764864                                   {product} {ergonomic}
    uintx NonNMethodCodeHeapSize                   = 5832780                                {pd product} {ergonomic}
    uintx NonProfiledCodeHeapSize                  = 122912730                              {pd product} {ergonomic}
   size_t OldSize                                  = 19595264                                  {product} {ergonomic}
    uintx ProfiledCodeHeapSize                     = 122912730                              {pd product} {ergonomic}
    uintx ReservedCodeCacheSize                    = 251658240                              {pd product} {ergonomic}
     bool SegmentedCodeCache                       = true                                      {product} {ergonomic}
   size_t SoftMaxHeapSize                          = 461373440                              {manageable} {ergonomic}
     bool UseCompressedClassPointers               = true                           {product lp64_product} {ergonomic}
     bool UseCompressedOops                        = true                           {product lp64_product} {ergonomic}
     bool UseLargePagesIndividualAllocation        = false                                  {pd product} {ergonomic}
     bool UseSerialGC                              = true                                      {product} {ergonomic}

Logging:
Log output configuration:
 #0: stdout all=warning uptime,level,tags
 #1: stderr all=off uptime,level,tags

Environment Variables:
PATH=C:\Program Files\Common Files\Oracle\Java\javapath;C:\Program Files (x86)\Common Files\Intel\Shared Files\cpp\bin\Intel64;C:\Windows\system32;C:\Windows;C:\Windows\System32\Wbem;C:\Windows\System32\WindowsPowerShell\v1.0\;C:\Windows\System32\OpenSSH\;C:\Program Files\Git\cmd;C:\Users\acer\AppData\Local\Microsoft\WindowsApps;C:\Users\acer\AppData\Local\Programs\Microsoft VS Code\bin;C:\Users\acer\AppData\Local\GitHubDesktop\bin
USERNAME=acer
OS=Windows_NT
PROCESSOR_IDENTIFIER=AMD64 Family 22 Model 48 Stepping 1, AuthenticAMD



---------------  S Y S T E M  ---------------

OS:
 Windows 10 , 64 bit Build 19041 (10.0.19041.1706)
OS uptime: 1 days 12:52 hours

CPU: total 4 (initial active 4) (4 cores per cpu, 1 threads per core) family 22 model 48 stepping 1 microcode 0x0, cx8, cmov, fxsr, mmx, 3dnowpref, sse, sse2, sse3, ssse3, sse4a, sse4.1, sse4.2, popcnt, lzcnt, tsc, tscinvbit, avx, aes, clmul, bmi1, vzeroupper, clflush

Memory: 4k page, system-wide physical 1755M (250M free)
TotalPageFile size 7131M (AvailPageFile size 3M)
current process WorkingSet (physical memory assigned to process): 45M, peak: 120M
current process commit charge ("private bytes"): 144M, peak: 156M

vm_info: Java HotSpot(TM) 64-Bit Server VM (17.0.2+8-LTS-86) for windows-amd64 JRE (17.0.2+8-LTS-86), built on Dec  7 2021 21:51:03 by "mach5one" with MS VC++ 16.8 / 16.9 (VS2019)

END.
