#
# There is insufficient memory for the Java Runtime Environment to continue.
# Native memory allocation (malloc) failed to allocate 743856 bytes for Chunk::new
# Possible reasons:
#   The system is out of physical RAM or swap space
#   The process is running with CompressedOops enabled, and the Java Heap may be blocking the growth of the native heap
# Possible solutions:
#   Reduce memory load on the system
#   Increase physical memory or swap space
#   Check if swap backing store is full
#   Decrease Java heap size (-Xmx/-Xms)
#   Decrease number of Java threads
#   Decrease Java thread stack sizes (-Xss)
#   Set larger code cache with -XX:ReservedCodeCacheSize=
#   JVM is running with Unscaled Compressed Oops mode in which the Java heap is
#     placed in the first 4GB address space. The Java Heap base address is the
#     maximum limit for the native heap growth. Please use -XX:HeapBaseMinAddress
#     to set the Java Heap base and to place the Java Heap above 4GB virtual address.
# This output file may be truncated or incomplete.
#
#  Out of Memory Error (arena.cpp:189), pid=7184, tid=4520
#
# JRE version: Java(TM) SE Runtime Environment (17.0.2+8) (build 17.0.2+8-LTS-86)
# Java VM: Java HotSpot(TM) 64-Bit Server VM (17.0.2+8-LTS-86, mixed mode, sharing, tiered, compressed oops, compressed class ptrs, serial gc, windows-amd64)
# No core dump will be written. Minidumps are not enabled by default on client versions of Windows
#

---------------  S U M M A R Y ------------

Command Line: -Dfile.encoding=UTF-8 --module-path=C:\Users\acer\Documents\GitHub\New folder\Tugas_java_WPA\build\classes com.tokokomputer.form.Dashboard

Host: AMD E2-6110 APU with AMD Radeon R2 Graphics    , 4 cores, 1G,  Windows 10 , 64 bit Build 19041 (10.0.19041.1706)
Time: Wed Jun  8 01:49:48 2022 SE Asia Standard Time elapsed time: 11.884492 seconds (0d 0h 0m 11s)

---------------  T H R E A D  ---------------

Current thread (0x000001fb6a1bd690):  JavaThread "C2 CompilerThread0" daemon [_thread_in_native, id=4520, stack(0x000000a14eb00000,0x000000a14ec00000)]


Current CompileTask:
C2:  11884 2344       4       javax.swing.plaf.nimbus.NimbusStyle::validate (1150 bytes)

Stack: [0x000000a14eb00000,0x000000a14ec00000]
Native frames: (J=compiled Java code, j=interpreted, Vv=VM code, C=native code)
V  [jvm.dll+0x670baa]
V  [jvm.dll+0x7cfcb4]
V  [jvm.dll+0x7d145e]
V  [jvm.dll+0x7d1ac3]
V  [jvm.dll+0x242bc5]
V  [jvm.dll+0xaa57b]
V  [jvm.dll+0xaab0c]
V  [jvm.dll+0x2a991f]
V  [jvm.dll+0x5792d9]
V  [jvm.dll+0x21de3d]
V  [jvm.dll+0x217792]
V  [jvm.dll+0x214fab]
V  [jvm.dll+0x1a1bbd]
V  [jvm.dll+0x224908]
V  [jvm.dll+0x222a6c]
V  [jvm.dll+0x7859bb]
V  [jvm.dll+0x77ff7a]
V  [jvm.dll+0x66fa35]
C  [ucrtbase.dll+0x21bb2]
C  [KERNEL32.DLL+0x17034]
C  [ntdll.dll+0x52651]


---------------  P R O C E S S  ---------------

Threads class SMR info:
_java_thread_list=0x000001fb6bbf0870, length=19, elements={
0x000001fb51e2e1b0, 0x000001fb51e2f6d0, 0x000001fb51e3d610, 0x000001fb51e3e390,
0x000001fb6a1b48d0, 0x000001fb6a1bc250, 0x000001fb6a1bd690, 0x000001fb6a1bf050,
0x000001fb6a1d17f0, 0x000001fb6a2b3900, 0x000001fb6a2b1750, 0x000001fb6a2b25c0,
0x000001fb6a2b08e0, 0x000001fb6a2b3430, 0x000001fb6a2b1c20, 0x000001fb6a2b1280,
0x000001fb6a2b20f0, 0x000001fb6a2b2a90, 0x000001fb6a2b2f60
}

Java Threads: ( => current thread )
  0x000001fb51e2e1b0 JavaThread "Reference Handler" daemon [_thread_blocked, id=11644, stack(0x000000a14e500000,0x000000a14e600000)]
  0x000001fb51e2f6d0 JavaThread "Finalizer" daemon [_thread_blocked, id=2292, stack(0x000000a14e600000,0x000000a14e700000)]
  0x000001fb51e3d610 JavaThread "Signal Dispatcher" daemon [_thread_blocked, id=11056, stack(0x000000a14e700000,0x000000a14e800000)]
  0x000001fb51e3e390 JavaThread "Attach Listener" daemon [_thread_blocked, id=4496, stack(0x000000a14e800000,0x000000a14e900000)]
  0x000001fb6a1b48d0 JavaThread "Service Thread" daemon [_thread_blocked, id=128, stack(0x000000a14e900000,0x000000a14ea00000)]
  0x000001fb6a1bc250 JavaThread "Monitor Deflation Thread" daemon [_thread_blocked, id=9804, stack(0x000000a14ea00000,0x000000a14eb00000)]
=>0x000001fb6a1bd690 JavaThread "C2 CompilerThread0" daemon [_thread_in_native, id=4520, stack(0x000000a14eb00000,0x000000a14ec00000)]
  0x000001fb6a1bf050 JavaThread "C1 CompilerThread0" daemon [_thread_blocked, id=10644, stack(0x000000a14ec00000,0x000000a14ed00000)]
  0x000001fb6a1d17f0 JavaThread "Sweeper thread" daemon [_thread_blocked, id=6076, stack(0x000000a14ed00000,0x000000a14ee00000)]
  0x000001fb6a2b3900 JavaThread "Common-Cleaner" daemon [_thread_blocked, id=2304, stack(0x000000a14ee00000,0x000000a14ef00000)]
  0x000001fb6a2b1750 JavaThread "Notification Thread" daemon [_thread_blocked, id=5072, stack(0x000000a14ef00000,0x000000a14f000000)]
  0x000001fb6a2b25c0 JavaThread "Java2D Disposer" daemon [_thread_blocked, id=6596, stack(0x000000a14f100000,0x000000a14f200000)]
  0x000001fb6a2b08e0 JavaThread "AWT-Shutdown" [_thread_blocked, id=12176, stack(0x000000a14f200000,0x000000a14f300000)]
  0x000001fb6a2b3430 JavaThread "AWT-Windows" daemon [_thread_in_native, id=2968, stack(0x000000a14f300000,0x000000a14f400000)]
  0x000001fb6a2b1c20 JavaThread "AWT-EventQueue-0" [_thread_blocked, id=7176, stack(0x000000a14f400000,0x000000a14f500000)]
  0x000001fb6a2b1280 JavaThread "DestroyJavaVM" [_thread_blocked, id=1768, stack(0x000000a14e300000,0x000000a14e400000)]
  0x000001fb6a2b20f0 JavaThread "mysql-cj-abandoned-connection-cleanup" daemon [_thread_blocked, id=1520, stack(0x000000a14ff00000,0x000000a150000000)]
  0x000001fb6a2b2a90 JavaThread "D3D Screen Updater" daemon [_thread_blocked, id=11016, stack(0x000000a150000000,0x000000a150100000)]
  0x000001fb6a2b2f60 JavaThread "TimerQueue" daemon [_thread_blocked, id=3760, stack(0x000000a14fd00000,0x000000a14fe00000)]

Other Threads:
  0x000001fb51e28e30 VMThread "VM Thread" [stack: 0x000000a14e400000,0x000000a14e500000] [id=3328]
  0x000001fb6ad4ce80 WatcherThread [stack: 0x000000a14f000000,0x000000a14f100000] [id=9840]

Threads with active compile tasks:
C2 CompilerThread0    11988 2344       4       javax.swing.plaf.nimbus.NimbusStyle::validate (1150 bytes)

VM state: not at safepoint (normal execution)

VM Mutex/Monitor currently owned by a thread: None

Heap address: 0x00000000e4800000, size: 440 MB, Compressed Oops mode: 32-bit

CDS archive(s) mapped at: [0x0000000800000000-0x0000000800bc0000-0x0000000800bc0000), size 12320768, SharedBaseAddress: 0x0000000800000000, ArchiveRelocationMode: 0.
Compressed class space mapped at: 0x0000000800c00000-0x0000000840c00000, reserved size: 1073741824
Narrow klass base: 0x0000000800000000, Narrow klass shift: 0, Narrow klass range: 0x100000000

GC Precious Log:
 CPUs: 4 total, 4 available
 Memory: 1755M
 Large Page Support: Disabled
 NUMA Support: Disabled
 Compressed Oops: Enabled (32-bit)
 Heap Min Capacity: 8M
 Heap Initial Capacity: 28M
 Heap Max Capacity: 440M
 Pre-touch: Disabled

Heap:
 def new generation   total 8640K, used 1901K [0x00000000e4800000, 0x00000000e5150000, 0x00000000edaa0000)
  eden space 7744K,  12% used [0x00000000e4800000, 0x00000000e48fb408, 0x00000000e4f90000)
  from space 896K, 100% used [0x00000000e5070000, 0x00000000e5150000, 0x00000000e5150000)
  to   space 896K,   0% used [0x00000000e4f90000, 0x00000000e4f90000, 0x00000000e5070000)
 tenured generation   total 19136K, used 5239K [0x00000000edaa0000, 0x00000000eed50000, 0x0000000100000000)
   the space 19136K,  27% used [0x00000000edaa0000, 0x00000000edfbdf78, 0x00000000edfbe000, 0x00000000eed50000)
 Metaspace       used 16415K, committed 16640K, reserved 1064960K
  class space    used 1875K, committed 1984K, reserved 1048576K

Card table byte_map: [0x000001fb69fb0000,0x000001fb6a090000] _byte_map_base: 0x000001fb6988c000

Polling page: 0x000001fb51ba0000

Metaspace:

Usage:
  Non-class:     14.20 MB used.
      Class:      1.83 MB used.
       Both:     16.03 MB used.

Virtual space:
  Non-class space:       16.00 MB reserved,      14.31 MB ( 89%) committed,  2 nodes.
      Class space:        1.00 GB reserved,       1.94 MB ( <1%) committed,  1 nodes.
             Both:        1.02 GB reserved,      16.25 MB (  2%) committed. 

Chunk freelists:
   Non-Class:  976.00 KB
       Class:  2.03 MB
        Both:  2.98 MB

MaxMetaspaceSize: unlimited
CompressedClassSpaceSize: 1.00 GB
Initial GC threshold: 21.00 MB
Current GC threshold: 21.00 MB
CDS: on
MetaspaceReclaimPolicy: balanced
 - commit_granule_bytes: 65536.
 - commit_granule_words: 8192.
 - virtual_space_node_default_size: 1048576.
 - enlarge_chunks_in_place: 1.
 - new_chunks_are_fully_committed: 0.
 - uncommit_free_chunks: 1.
 - use_allocation_guard: 0.
 - handle_deallocations: 1.


Internal statistics:

num_allocs_failed_limit: 0.
num_arena_births: 138.
num_arena_deaths: 0.
num_vsnodes_births: 3.
num_vsnodes_deaths: 0.
num_space_committed: 260.
num_space_uncommitted: 0.
num_chunks_returned_to_freelist: 0.
num_chunks_taken_from_freelist: 322.
num_chunk_merges: 0.
num_chunk_splits: 195.
num_chunks_enlarged: 115.
num_purges: 0.
num_inconsistent_stats: 0.

CodeHeap 'non-profiled nmethods': size=120000Kb used=699Kb max_used=699Kb free=119300Kb
 bounds [0x000001fb628a0000, 0x000001fb62b10000, 0x000001fb69dd0000]
CodeHeap 'profiled nmethods': size=120000Kb used=4618Kb max_used=4618Kb free=115381Kb
 bounds [0x000001fb5b370000, 0x000001fb5b800000, 0x000001fb628a0000]
CodeHeap 'non-nmethods': size=5760Kb used=1371Kb max_used=1390Kb free=4388Kb
 bounds [0x000001fb5add0000, 0x000001fb5b040000, 0x000001fb5b370000]
 total_blobs=3173 nmethods=2446 adapters=641
 compilation: enabled
              stopped_count=0, restarted_count=0
 full_count=0

Compilation events (20 events):
Event: 11.795 Thread 0x000001fb6a1bf050 2445       1       sun.awt.Win32GraphicsConfig::getProxyKey (5 bytes)
Event: 11.795 Thread 0x000001fb6a1bf050 nmethod 2445 0x000001fb6294e290 code [0x000001fb6294e420, 0x000001fb6294e4f8]
Event: 11.814 Thread 0x000001fb6a1bf050 2446       1       java.awt.BasicStroke::getLineWidth (5 bytes)
Event: 11.814 Thread 0x000001fb6a1bf050 nmethod 2446 0x000001fb6294e590 code [0x000001fb6294e720, 0x000001fb6294e7f8]
Event: 11.815 Thread 0x000001fb6a1bf050 2447       1       java.awt.MultipleGradientPaint::getColorSpace (5 bytes)
Event: 11.815 Thread 0x000001fb6a1bf050 nmethod 2447 0x000001fb6294e890 code [0x000001fb6294ea20, 0x000001fb6294eaf8]
Event: 11.815 Thread 0x000001fb6a1bf050 2448       1       java.awt.MultipleGradientPaint::getCycleMethod (5 bytes)
Event: 11.815 Thread 0x000001fb6a1bf050 nmethod 2448 0x000001fb6294eb90 code [0x000001fb6294ed20, 0x000001fb6294edf8]
Event: 11.815 Thread 0x000001fb6a1bf050 2449   !   3       javax.swing.plaf.nimbus.AbstractRegionPainter::getComponentColor (366 bytes)
Event: 11.827 Thread 0x000001fb6a1bf050 nmethod 2449 0x000001fb5b7ec390 code [0x000001fb5b7ec8a0, 0x000001fb5b7efc08]
Event: 11.827 Thread 0x000001fb6a1bf050 2453       3       sun.java2d.marlin.MarlinCache::copyAARowNoRLE (362 bytes)
Event: 11.830 Thread 0x000001fb6a1bf050 nmethod 2453 0x000001fb5b7f0990 code [0x000001fb5b7f0bc0, 0x000001fb5b7f13d8]
Event: 11.830 Thread 0x000001fb6a1bf050 2451       3       sun.font.FontUtilities::getFont2D (8 bytes)
Event: 11.830 Thread 0x000001fb6a1bf050 nmethod 2451 0x000001fb5b7f1890 code [0x000001fb5b7f1a40, 0x000001fb5b7f1ca8]
Event: 11.831 Thread 0x000001fb6a1bf050 2452       3       java.util.concurrent.locks.ReentrantReadWriteLock$Sync::exclusiveCount (5 bytes)
Event: 11.831 Thread 0x000001fb6a1bf050 nmethod 2452 0x000001fb5b7f1e10 code [0x000001fb5b7f1fa0, 0x000001fb5b7f2098]
Event: 11.831 Thread 0x000001fb6a1bf050 2450       3       sun.java2d.pipe.Region::getInstanceXYXY (12 bytes)
Event: 11.831 Thread 0x000001fb6a1bf050 nmethod 2450 0x000001fb5b7f2110 code [0x000001fb5b7f22c0, 0x000001fb5b7f24d8]
Event: 11.843 Thread 0x000001fb6a1bf050 2454       3       java.lang.Math::max (12 bytes)
Event: 11.843 Thread 0x000001fb6a1bf050 nmethod 2454 0x000001fb5b7f2610 code [0x000001fb5b7f27a0, 0x000001fb5b7f28d8]

GC Heap History (6 events):
Event: 3.877 GC heap before
{Heap before GC invocations=0 (full 0):
 def new generation   total 8640K, used 7744K [0x00000000e4800000, 0x00000000e5150000, 0x00000000edaa0000)
  eden space 7744K, 100% used [0x00000000e4800000, 0x00000000e4f90000, 0x00000000e4f90000)
  from space 896K,   0% used [0x00000000e4f90000, 0x00000000e4f90000, 0x00000000e5070000)
  to   space 896K,   0% used [0x00000000e5070000, 0x00000000e5070000, 0x00000000e5150000)
 tenured generation   total 19136K, used 0K [0x00000000edaa0000, 0x00000000eed50000, 0x0000000100000000)
   the space 19136K,   0% used [0x00000000edaa0000, 0x00000000edaa0000, 0x00000000edaa0200, 0x00000000eed50000)
 Metaspace       used 9105K, committed 9344K, reserved 1064960K
  class space    used 1111K, committed 1216K, reserved 1048576K
}
Event: 3.913 GC heap after
{Heap after GC invocations=1 (full 0):
 def new generation   total 8640K, used 896K [0x00000000e4800000, 0x00000000e5150000, 0x00000000edaa0000)
  eden space 7744K,   0% used [0x00000000e4800000, 0x00000000e4800000, 0x00000000e4f90000)
  from space 896K, 100% used [0x00000000e5070000, 0x00000000e5150000, 0x00000000e5150000)
  to   space 896K,   0% used [0x00000000e4f90000, 0x00000000e4f90000, 0x00000000e5070000)
 tenured generation   total 19136K, used 2131K [0x00000000edaa0000, 0x00000000eed50000, 0x0000000100000000)
   the space 19136K,  11% used [0x00000000edaa0000, 0x00000000edcb4f00, 0x00000000edcb5000, 0x00000000eed50000)
 Metaspace       used 9105K, committed 9344K, reserved 1064960K
  class space    used 1111K, committed 1216K, reserved 1048576K
}
Event: 6.096 GC heap before
{Heap before GC invocations=1 (full 0):
 def new generation   total 8640K, used 8640K [0x00000000e4800000, 0x00000000e5150000, 0x00000000edaa0000)
  eden space 7744K, 100% used [0x00000000e4800000, 0x00000000e4f90000, 0x00000000e4f90000)
  from space 896K, 100% used [0x00000000e5070000, 0x00000000e5150000, 0x00000000e5150000)
  to   space 896K,   0% used [0x00000000e4f90000, 0x00000000e4f90000, 0x00000000e5070000)
 tenured generation   total 19136K, used 2131K [0x00000000edaa0000, 0x00000000eed50000, 0x0000000100000000)
   the space 19136K,  11% used [0x00000000edaa0000, 0x00000000edcb4f00, 0x00000000edcb5000, 0x00000000eed50000)
 Metaspace       used 12554K, committed 12800K, reserved 1064960K
  class space    used 1489K, committed 1600K, reserved 1048576K
}
Event: 6.124 GC heap after
{Heap after GC invocations=2 (full 0):
 def new generation   total 8640K, used 896K [0x00000000e4800000, 0x00000000e5150000, 0x00000000edaa0000)
  eden space 7744K,   0% used [0x00000000e4800000, 0x00000000e4800000, 0x00000000e4f90000)
  from space 896K, 100% used [0x00000000e4f90000, 0x00000000e5070000, 0x00000000e5070000)
  to   space 896K,   0% used [0x00000000e5070000, 0x00000000e5070000, 0x00000000e5150000)
 tenured generation   total 19136K, used 3982K [0x00000000edaa0000, 0x00000000eed50000, 0x0000000100000000)
   the space 19136K,  20% used [0x00000000edaa0000, 0x00000000ede83b10, 0x00000000ede83c00, 0x00000000eed50000)
 Metaspace       used 12554K, committed 12800K, reserved 1064960K
  class space    used 1489K, committed 1600K, reserved 1048576K
}
Event: 11.321 GC heap before
{Heap before GC invocations=2 (full 0):
 def new generation   total 8640K, used 8640K [0x00000000e4800000, 0x00000000e5150000, 0x00000000edaa0000)
  eden space 7744K, 100% used [0x00000000e4800000, 0x00000000e4f90000, 0x00000000e4f90000)
  from space 896K, 100% used [0x00000000e4f90000, 0x00000000e5070000, 0x00000000e5070000)
  to   space 896K,   0% used [0x00000000e5070000, 0x00000000e5070000, 0x00000000e5150000)
 tenured generation   total 19136K, used 3982K [0x00000000edaa0000, 0x00000000eed50000, 0x0000000100000000)
   the space 19136K,  20% used [0x00000000edaa0000, 0x00000000ede83b10, 0x00000000ede83c00, 0x00000000eed50000)
 Metaspace       used 16330K, committed 16512K, reserved 1064960K
  class space    used 1874K, committed 1984K, reserved 1048576K
}
Event: 11.345 GC heap after
{Heap after GC invocations=3 (full 0):
 def new generation   total 8640K, used 896K [0x00000000e4800000, 0x00000000e5150000, 0x00000000edaa0000)
  eden space 7744K,   0% used [0x00000000e4800000, 0x00000000e4800000, 0x00000000e4f90000)
  from space 896K, 100% used [0x00000000e5070000, 0x00000000e5150000, 0x00000000e5150000)
  to   space 896K,   0% used [0x00000000e4f90000, 0x00000000e4f90000, 0x00000000e5070000)
 tenured generation   total 19136K, used 5239K [0x00000000edaa0000, 0x00000000eed50000, 0x0000000100000000)
   the space 19136K,  27% used [0x00000000edaa0000, 0x00000000edfbdf78, 0x00000000edfbe000, 0x00000000eed50000)
 Metaspace       used 16330K, committed 16512K, reserved 1064960K
  class space    used 1874K, committed 1984K, reserved 1048576K
}

Deoptimization events (20 events):
Event: 7.274 Thread 0x000001fb6a2b1c20 DEOPT PACKING pc=0x000001fb6290629c sp=0x000000a14f4fca50
Event: 7.274 Thread 0x000001fb6a2b1c20 DEOPT UNPACKING pc=0x000001fb5ae220a3 sp=0x000000a14f4fca18 mode 2
Event: 7.435 Thread 0x000001fb6a2b1c20 Uncommon trap: trap_request=0xffffff45 fr.pc=0x000001fb628d4314 relative=0x00000000000002f4
Event: 7.435 Thread 0x000001fb6a2b1c20 Uncommon trap: reason=unstable_if action=reinterpret pc=0x000001fb628d4314 method=javax.swing.plaf.nimbus.DerivedColor.equals(Ljava/lang/Object;)Z @ 45 c2
Event: 7.435 Thread 0x000001fb6a2b1c20 DEOPT PACKING pc=0x000001fb628d4314 sp=0x000000a14f4fcf90
Event: 7.435 Thread 0x000001fb6a2b1c20 DEOPT UNPACKING pc=0x000001fb5ae220a3 sp=0x000000a14f4fcf28 mode 2
Event: 9.944 Thread 0x000001fb6a2b3430 DEOPT PACKING pc=0x000001fb5b69ece2 sp=0x000000a14f3fdbe0
Event: 9.944 Thread 0x000001fb6a2b3430 DEOPT UNPACKING pc=0x000001fb5ae22843 sp=0x000000a14f3fd070 mode 3
Event: 9.947 Thread 0x000001fb6a2b1c20 DEOPT PACKING pc=0x000001fb5b69e6b1 sp=0x000000a14f4ff2e0
Event: 9.947 Thread 0x000001fb6a2b1c20 DEOPT UNPACKING pc=0x000001fb5ae22843 sp=0x000000a14f4fe738 mode 3
Event: 11.517 Thread 0x000001fb6a2b1c20 DEOPT PACKING pc=0x000001fb5b6efa0e sp=0x000000a14f4fd030
Event: 11.517 Thread 0x000001fb6a2b1c20 DEOPT UNPACKING pc=0x000001fb5ae22843 sp=0x000000a14f4fc3c0 mode 0
Event: 11.549 Thread 0x000001fb6a2b1c20 DEOPT PACKING pc=0x000001fb5b6c71f7 sp=0x000000a14f4fd0d0
Event: 11.549 Thread 0x000001fb6a2b1c20 DEOPT UNPACKING pc=0x000001fb5ae22843 sp=0x000000a14f4fc4f0 mode 0
Event: 11.610 Thread 0x000001fb6a2b1c20 DEOPT PACKING pc=0x000001fb5b6a3e42 sp=0x000000a14f4fcfe0
Event: 11.610 Thread 0x000001fb6a2b1c20 DEOPT UNPACKING pc=0x000001fb5ae22843 sp=0x000000a14f4fc470 mode 0
Event: 11.745 Thread 0x000001fb6a2b1c20 DEOPT PACKING pc=0x000001fb5b6a3e42 sp=0x000000a14f4fd060
Event: 11.745 Thread 0x000001fb6a2b1c20 DEOPT UNPACKING pc=0x000001fb5ae22843 sp=0x000000a14f4fc4f0 mode 0
Event: 11.826 Thread 0x000001fb6a2b1c20 DEOPT PACKING pc=0x000001fb5b6bc609 sp=0x000000a14f4fcc90
Event: 11.826 Thread 0x000001fb6a2b1c20 DEOPT UNPACKING pc=0x000001fb5ae22843 sp=0x000000a14f4fc018 mode 0

Classes unloaded (0 events):
No events

Classes redefined (0 events):
No events

Internal exceptions (20 events):
Event: 1.985 Thread 0x000001fb51d591e0 Exception <a 'java/lang/ClassNotFoundException'{0x00000000e4c9b9d8}: ToolBar> (0x00000000e4c9b9d8) 
thrown [t:\workspace\open\src\hotspot\share\classfile\systemDictionary.cpp, line 256]
Event: 1.985 Thread 0x000001fb51d591e0 Exception <a 'java/lang/ClassNotFoundException'{0x00000000e4c9bd48}: ToggleButton> (0x00000000e4c9bd48) 
thrown [t:\workspace\open\src\hotspot\share\classfile\systemDictionary.cpp, line 256]
Event: 1.985 Thread 0x000001fb51d591e0 Exception <a 'java/lang/ClassNotFoundException'{0x00000000e4c9c188}: javax/swing/JToolBarSeparator> (0x00000000e4c9c188) 
thrown [t:\workspace\open\src\hotspot\share\classfile\systemDictionary.cpp, line 256]
Event: 1.985 Thread 0x000001fb51d591e0 Exception <a 'java/lang/ClassNotFoundException'{0x00000000e4c9c490}: ToolBarSeparator> (0x00000000e4c9c490) 
thrown [t:\workspace\open\src\hotspot\share\classfile\systemDictionary.cpp, line 256]
Event: 1.987 Thread 0x000001fb51d591e0 Exception <a 'java/lang/ClassNotFoundException'{0x00000000e4c9c9a8}: ToolTip> (0x00000000e4c9c9a8) 
thrown [t:\workspace\open\src\hotspot\share\classfile\systemDictionary.cpp, line 256]
Event: 1.992 Thread 0x000001fb51d591e0 Exception <a 'java/lang/ClassNotFoundException'{0x00000000e4c9d2f8}: Tree> (0x00000000e4c9d2f8) 
thrown [t:\workspace\open\src\hotspot\share\classfile\systemDictionary.cpp, line 256]
Event: 1.993 Thread 0x000001fb51d591e0 Exception <a 'java/lang/ClassNotFoundException'{0x00000000e4c9d7f0}: Tree> (0x00000000e4c9d7f0) 
thrown [t:\workspace\open\src\hotspot\share\classfile\systemDictionary.cpp, line 256]
Event: 1.993 Thread 0x000001fb51d591e0 Exception <a 'java/lang/ClassNotFoundException'{0x00000000e4c9db60}: javax/swing/JTreeCell> (0x00000000e4c9db60) 
thrown [t:\workspace\open\src\hotspot\share\classfile\systemDictionary.cpp, line 256]
Event: 1.993 Thread 0x000001fb51d591e0 Exception <a 'java/lang/ClassNotFoundException'{0x00000000e4c9de60}: TreeCell> (0x00000000e4c9de60) 
thrown [t:\workspace\open\src\hotspot\share\classfile\systemDictionary.cpp, line 256]
Event: 1.995 Thread 0x000001fb51d591e0 Exception <a 'java/lang/ClassNotFoundException'{0x00000000e4c9e620}: RootPane> (0x00000000e4c9e620) 
thrown [t:\workspace\open\src\hotspot\share\classfile\systemDictionary.cpp, line 256]
Event: 2.006 Thread 0x000001fb51d591e0 Exception <a 'java/lang/ClassNotFoundException'{0x00000000e4ca1470}: com/sun/swing/internal/plaf/metal/resources/spi/metalProvider> (0x00000000e4ca1470) 
thrown [t:\workspace\open\src\hotspot\share\classfile\systemDictionary.cpp, line 256]
Event: 2.011 Thread 0x000001fb51d591e0 Exception <a 'java/lang/ClassNotFoundException'{0x00000000e4ca5070}: com/sun/swing/internal/plaf/basic/resources/spi/basicProvider> (0x00000000e4ca5070) 
thrown [t:\workspace\open\src\hotspot\share\classfile\systemDictionary.cpp, line 256]
Event: 2.949 Thread 0x000001fb6a2b1c20 Exception <a 'java/lang/ClassNotFoundException'{0x00000000e4d21730}: com/sun/swing/internal/plaf/synth/resources/spi/synthProvider> (0x00000000e4d21730) 
thrown [t:\workspace\open\src\hotspot\share\classfile\systemDictionary.cpp, line 256]
Event: 4.003 Thread 0x000001fb6a2b0db0 Exception <a 'java/lang/NoSuchMethodError'{0x00000000e48b9020}: 'java.lang.Object java.lang.invoke.DirectMethodHandle$Holder.newInvokeSpecial(java.lang.Object, java.lang.Object, java.lang.Object, int, int, int, int, int)'> (0x00000000e48b9020) 
thrown [t:\workspace\open\src\hotspot\share\interpreter\linkResolver.cpp, line 766]
Event: 4.583 Thread 0x000001fb6a2b3430 Exception <a 'java/lang/NoSuchMethodError'{0x00000000e4b025b8}: 'void java.lang.invoke.DirectMethodHandle$Holder.invokeVirtual(java.lang.Object, java.lang.Object)'> (0x00000000e4b025b8) 
thrown [t:\workspace\open\src\hotspot\share\interpreter\linkResolver.cpp, line 766]
Event: 4.668 Thread 0x000001fb6a2b1c20 Exception <a 'java/lang/NoSuchMethodError'{0x00000000e4b2a818}: 'void java.lang.invoke.DirectMethodHandle$Holder.invokeStaticInit(java.lang.Object)'> (0x00000000e4b2a818) 
thrown [t:\workspace\open\src\hotspot\share\interpreter\linkResolver.cpp, line 766]
Event: 5.853 Thread 0x000001fb6a2b1c20 Exception <a 'java/lang/NoSuchMethodError'{0x00000000e4d65490}: 'java.lang.Object java.lang.invoke.DirectMethodHandle$Holder.invokeInterface(java.lang.Object, java.lang.Object)'> (0x00000000e4d65490) 
thrown [t:\workspace\open\src\hotspot\share\interpreter\linkResolver.cpp, line 766]
Event: 5.951 Thread 0x000001fb6a2b1c20 Exception <a 'java/lang/NoSuchMethodError'{0x00000000e4de57e0}: 'void java.lang.invoke.DirectMethodHandle$Holder.invokeStatic(java.lang.Object, java.lang.Object, java.lang.Object)'> (0x00000000e4de57e0) 
thrown [t:\workspace\open\src\hotspot\share\interpreter\linkResolver.cpp, line 766]
Event: 5.955 Thread 0x000001fb6a2b1c20 Exception <a 'java/lang/NoSuchMethodError'{0x00000000e4def6b0}: 'java.lang.Object java.lang.invoke.DirectMethodHandle$Holder.invokeVirtual(java.lang.Object, java.lang.Object, java.lang.Object)'> (0x00000000e4def6b0) 
thrown [t:\workspace\open\src\hotspot\share\interpreter\linkResolver.cpp, line 766]
Event: 6.348 Thread 0x000001fb6a2b1c20 Exception <a 'java/lang/NoSuchMethodError'{0x00000000e499bba0}: 'void java.lang.invoke.DirectMethodHandle$Holder.invokeStatic(java.lang.Object, java.lang.Object)'> (0x00000000e499bba0) 
thrown [t:\workspace\open\src\hotspot\share\interpreter\linkResolver.cpp, line 766]

VM Operations (20 events):
Event: 5.940 Executing VM operation: Cleanup
Event: 5.941 Executing VM operation: Cleanup done
Event: 6.096 Executing VM operation: GenCollectForAllocation
Event: 6.124 Executing VM operation: GenCollectForAllocation done
Event: 6.245 Executing VM operation: HandshakeAllThreads
Event: 6.245 Executing VM operation: HandshakeAllThreads done
Event: 7.103 Executing VM operation: HandshakeAllThreads
Event: 7.103 Executing VM operation: HandshakeAllThreads done
Event: 8.088 Executing VM operation: HandshakeAllThreads
Event: 8.088 Executing VM operation: HandshakeAllThreads done
Event: 8.088 Executing VM operation: Cleanup
Event: 8.094 Executing VM operation: Cleanup done
Event: 9.100 Executing VM operation: Cleanup
Event: 9.100 Executing VM operation: Cleanup done
Event: 10.103 Executing VM operation: Cleanup
Event: 10.103 Executing VM operation: Cleanup done
Event: 11.109 Executing VM operation: Cleanup
Event: 11.109 Executing VM operation: Cleanup done
Event: 11.321 Executing VM operation: GenCollectForAllocation
Event: 11.346 Executing VM operation: GenCollectForAllocation done

Events (20 events):
Event: 11.188 loading class javax/swing/undo/CompoundEdit done
Event: 11.188 loading class javax/swing/text/AbstractDocument$DefaultDocumentEvent done
Event: 11.188 loading class javax/swing/event/DocumentEvent$EventType
Event: 11.188 loading class javax/swing/event/DocumentEvent$EventType done
Event: 11.192 loading class javax/swing/event/DocumentEvent$ElementChange
Event: 11.192 loading class javax/swing/event/DocumentEvent$ElementChange done
Event: 11.192 loading class javax/swing/text/AbstractDocument$UndoRedoDocumentEvent
Event: 11.193 loading class javax/swing/text/AbstractDocument$UndoRedoDocumentEvent done
Event: 11.193 loading class javax/swing/text/DefaultCaret$1
Event: 11.194 loading class javax/swing/text/DefaultCaret$1 done
Event: 11.194 loading class javax/swing/event/UndoableEditEvent
Event: 11.195 loading class javax/swing/event/UndoableEditEvent done
Event: 11.195 loading class javax/swing/text/AbstractDocument$DefaultDocumentEventUndoableWrapper
Event: 11.195 loading class sun/swing/text/UndoableEditLockSupport
Event: 11.196 loading class sun/swing/text/UndoableEditLockSupport done
Event: 11.196 loading class javax/swing/text/AbstractDocument$DefaultDocumentEventUndoableWrapper done
Event: 11.196 loading class javax/swing/event/UndoableEditListener
Event: 11.196 loading class javax/swing/event/UndoableEditListener done
Event: 11.834 loading class java/awt/LightweightDispatcher$2
Event: 11.834 loading class java/awt/LightweightDispatcher$2 done


Dynamic libraries:
0x00007ff70e550000 - 0x00007ff70e560000 	C:\Program Files\Java\jdk-17.0.2\bin\java.exe
0x00007ffb69b30000 - 0x00007ffb69d25000 	C:\Windows\SYSTEM32\ntdll.dll
0x00007ffb67fb0000 - 0x00007ffb6806d000 	C:\Windows\System32\KERNEL32.DLL
0x00007ffb674f0000 - 0x00007ffb677bd000 	C:\Windows\System32\KERNELBASE.dll
0x00007ffb67810000 - 0x00007ffb67910000 	C:\Windows\System32\ucrtbase.dll
0x00007ffb5d390000 - 0x00007ffb5d3aa000 	C:\Program Files\Java\jdk-17.0.2\bin\VCRUNTIME140.dll
0x00007ffb60860000 - 0x00007ffb60878000 	C:\Program Files\Java\jdk-17.0.2\bin\jli.dll
0x00007ffb68120000 - 0x00007ffb681ce000 	C:\Windows\System32\ADVAPI32.dll
0x00007ffb69a20000 - 0x00007ffb69abe000 	C:\Windows\System32\msvcrt.dll
0x00007ffb681d0000 - 0x00007ffb6826c000 	C:\Windows\System32\sechost.dll
0x00007ffb691d0000 - 0x00007ffb692f5000 	C:\Windows\System32\RPCRT4.dll
0x00007ffb687a0000 - 0x00007ffb68940000 	C:\Windows\System32\USER32.dll
0x00007ffb67b50000 - 0x00007ffb67b72000 	C:\Windows\System32\win32u.dll
0x00007ffb69ac0000 - 0x00007ffb69aea000 	C:\Windows\System32\GDI32.dll
0x00007ffb5a030000 - 0x00007ffb5a2ca000 	C:\Windows\WinSxS\amd64_microsoft.windows.common-controls_6595b64144ccf1df_6.0.19041.1110_none_60b5254171f9507e\COMCTL32.dll
0x00007ffb672d0000 - 0x00007ffb673db000 	C:\Windows\System32\gdi32full.dll
0x00007ffb673e0000 - 0x00007ffb6747d000 	C:\Windows\System32\msvcp_win.dll
0x00007ffb5ed50000 - 0x00007ffb5ed5a000 	C:\Windows\SYSTEM32\VERSION.dll
0x00007ffb680f0000 - 0x00007ffb68120000 	C:\Windows\System32\IMM32.DLL
0x00007ffb5d770000 - 0x00007ffb5d77c000 	C:\Program Files\Java\jdk-17.0.2\bin\vcruntime140_1.dll
0x00007ffb575a0000 - 0x00007ffb5762d000 	C:\Program Files\Java\jdk-17.0.2\bin\msvcp140.dll
0x00007ffb3a3e0000 - 0x00007ffb3afa1000 	C:\Program Files\Java\jdk-17.0.2\bin\server\jvm.dll
0x00007ffb69390000 - 0x00007ffb69398000 	C:\Windows\System32\PSAPI.DLL
0x00007ffb5e800000 - 0x00007ffb5e809000 	C:\Windows\SYSTEM32\WSOCK32.dll
0x00007ffb68080000 - 0x00007ffb680eb000 	C:\Windows\System32\WS2_32.dll
0x00007ffb5e5e0000 - 0x00007ffb5e607000 	C:\Windows\SYSTEM32\WINMM.dll
0x00007ffb65140000 - 0x00007ffb65152000 	C:\Windows\SYSTEM32\kernel.appcore.dll
0x00007ffb59fc0000 - 0x00007ffb59fca000 	C:\Program Files\Java\jdk-17.0.2\bin\jimage.dll
0x00007ffb53c90000 - 0x00007ffb53e74000 	C:\Windows\SYSTEM32\DBGHELP.DLL
0x00007ffb53c60000 - 0x00007ffb53c8c000 	C:\Windows\SYSTEM32\dbgcore.DLL
0x00007ffb67240000 - 0x00007ffb672c2000 	C:\Windows\System32\bcryptPrimitives.dll
0x00007ffb4bc60000 - 0x00007ffb4bc85000 	C:\Program Files\Java\jdk-17.0.2\bin\java.dll
0x00007ffb36f70000 - 0x00007ffb37046000 	C:\Program Files\Java\jdk-17.0.2\bin\jsvml.dll
0x00007ffb68a20000 - 0x00007ffb69164000 	C:\Windows\System32\SHELL32.dll
0x00007ffb65340000 - 0x00007ffb65ad4000 	C:\Windows\SYSTEM32\windows.storage.dll
0x00007ffb68390000 - 0x00007ffb686e4000 	C:\Windows\System32\combase.dll
0x00007ffb66c30000 - 0x00007ffb66c5c000 	C:\Windows\SYSTEM32\Wldp.dll
0x00007ffb67be0000 - 0x00007ffb67c8d000 	C:\Windows\System32\SHCORE.dll
0x00007ffb69170000 - 0x00007ffb691c5000 	C:\Windows\System32\shlwapi.dll
0x00007ffb67180000 - 0x00007ffb6719f000 	C:\Windows\SYSTEM32\profapi.dll
0x00007ffb58230000 - 0x00007ffb58249000 	C:\Program Files\Java\jdk-17.0.2\bin\net.dll
0x00007ffb57970000 - 0x00007ffb57a7a000 	C:\Windows\SYSTEM32\WINHTTP.dll
0x00007ffb66990000 - 0x00007ffb669fa000 	C:\Windows\system32\mswsock.dll
0x00007ffb4cfe0000 - 0x00007ffb4cff6000 	C:\Program Files\Java\jdk-17.0.2\bin\nio.dll
0x00007ffb4c390000 - 0x00007ffb4c3a8000 	C:\Program Files\Java\jdk-17.0.2\bin\zip.dll
0x00007ffb4f580000 - 0x00007ffb4f70f000 	C:\Program Files\Java\jdk-17.0.2\bin\awt.dll
0x00007ffb693a0000 - 0x00007ffb6946d000 	C:\Windows\System32\OLEAUT32.dll
0x00007ffb64ac0000 - 0x00007ffb64b50000 	C:\Windows\SYSTEM32\apphelp.dll
0x00007ffb64c60000 - 0x00007ffb64cfe000 	C:\Windows\system32\uxtheme.dll
0x00007ffb68270000 - 0x00007ffb68385000 	C:\Windows\System32\MSCTF.dll
0x00007ffb69470000 - 0x00007ffb6959a000 	C:\Windows\System32\ole32.dll
0x00007ffb56e30000 - 0x00007ffb56e48000 	C:\Program Files (x86)\Smadav\SmadHook64c.dll
0x00007ffb67480000 - 0x00007ffb674e8000 	C:\Windows\System32\WINTRUST.dll
0x00007ffb67910000 - 0x00007ffb67a66000 	C:\Windows\System32\CRYPT32.dll
0x00007ffb66e30000 - 0x00007ffb66e42000 	C:\Windows\System32\MSASN1.dll
0x00007ffb65030000 - 0x00007ffb6505f000 	C:\Windows\system32\DWMAPI.DLL
0x00007ffb4f3d0000 - 0x00007ffb4f459000 	C:\Program Files\Java\jdk-17.0.2\bin\freetype.dll
0x00007ffb4d970000 - 0x00007ffb4da18000 	C:\Program Files\Java\jdk-17.0.2\bin\fontmanager.dll
0x00007ffb4da20000 - 0x00007ffb4db46000 	C:\Windows\system32\opengl32.dll
0x00007ffb57530000 - 0x00007ffb5755c000 	C:\Windows\SYSTEM32\GLU32.dll
0x00007ffb45ad0000 - 0x00007ffb45c9f000 	C:\Windows\system32\d3d9.dll
0x00007ffb5ed60000 - 0x00007ffb5ef3b000 	C:\Windows\System32\DriverStore\FileRepository\u0360470.inf_amd64_35c64671e7fac064\B360357\aticfx64.dll
0x00007ffb60820000 - 0x00007ffb60853000 	C:\Windows\System32\DriverStore\FileRepository\u0360470.inf_amd64_35c64671e7fac064\B360357\atiu9p64.dll
0x00007ffb3e5b0000 - 0x00007ffb3f246000 	C:\Windows\System32\DriverStore\FileRepository\u0360470.inf_amd64_35c64671e7fac064\B360357\atiumd64.dll
0x00000000539f0000 - 0x0000000054869000 	C:\Windows\System32\DriverStore\FileRepository\u0360470.inf_amd64_35c64671e7fac064\B360357\atiumd6a.dll
0x00007ffb66de0000 - 0x00007ffb66e2b000 	C:\Windows\SYSTEM32\POWRPROF.dll
0x00007ffb66dc0000 - 0x00007ffb66dd2000 	C:\Windows\SYSTEM32\UMPDC.dll
0x00007ffb5e420000 - 0x00007ffb5e44f000 	C:\Windows\SYSTEM32\amdihk64.dll
0x00007ffb5f030000 - 0x00007ffb5f06b000 	C:\Windows\SYSTEM32\dxcore.dll
0x00007ffb677c0000 - 0x00007ffb6780e000 	C:\Windows\System32\cfgmgr32.dll
0x00007ffb686f0000 - 0x00007ffb68799000 	C:\Windows\System32\clbcatq.dll
0x00007ffb61950000 - 0x00007ffb61b04000 	C:\Windows\SYSTEM32\WindowsCodecs.dll
0x00007ffb67b20000 - 0x00007ffb67b47000 	C:\Windows\System32\bcrypt.dll
0x00007ffb56f80000 - 0x00007ffb56fbe000 	C:\Windows\system32\dataexchange.dll
0x00007ffb63670000 - 0x00007ffb638d4000 	C:\Windows\system32\d3d11.dll
0x00007ffb63ea0000 - 0x00007ffb64085000 	C:\Windows\system32\dcomp.dll
0x00007ffb65b40000 - 0x00007ffb65c33000 	C:\Windows\system32\dxgi.dll
0x00007ffb61b60000 - 0x00007ffb61d61000 	C:\Windows\system32\twinapi.appcore.dll
0x00007ffb66660000 - 0x00007ffb6672b000 	C:\Windows\SYSTEM32\DNSAPI.dll
0x00007ffb66620000 - 0x00007ffb6665b000 	C:\Windows\SYSTEM32\IPHLPAPI.DLL
0x00007ffb67c90000 - 0x00007ffb67c98000 	C:\Windows\System32\NSI.dll
0x00007ffb56d20000 - 0x00007ffb56d2a000 	C:\Windows\System32\rasadhlp.dll
0x00007ffb57630000 - 0x00007ffb576b0000 	C:\Windows\System32\fwpuclnt.dll
0x00007ffb5e650000 - 0x00007ffb5e749000 	C:\Windows\SYSTEM32\textinputframework.dll
0x00007ffb64950000 - 0x00007ffb64a42000 	C:\Windows\System32\CoreMessaging.dll
0x00007ffb64090000 - 0x00007ffb643ee000 	C:\Windows\System32\CoreUIComponents.dll
0x00007ffb630b0000 - 0x00007ffb63204000 	C:\Windows\SYSTEM32\wintypes.dll
0x00007ffb65f40000 - 0x00007ffb65f73000 	C:\Windows\SYSTEM32\ntmarta.dll

dbghelp: loaded successfully - version: 4.0.5 - missing functions: none
symbol engine: initialized successfully - sym options: 0x614 - pdb path: .;C:\Program Files\Java\jdk-17.0.2\bin;C:\Windows\SYSTEM32;C:\Windows\WinSxS\amd64_microsoft.windows.common-controls_6595b64144ccf1df_6.0.19041.1110_none_60b5254171f9507e;C:\Program Files\Java\jdk-17.0.2\bin\server;C:\Program Files (x86)\Smadav;C:\Windows\System32\DriverStore\FileRepository\u0360470.inf_amd64_35c64671e7fac064\B360357

VM Arguments:
jvm_args: -Dfile.encoding=UTF-8 --module-path=C:\Users\acer\Documents\GitHub\New folder\Tugas_java_WPA\build\classes 
java_command: com.tokokomputer.form.Dashboard
java_class_path (initial): C:\Users\acer\Downloads\mysql-connector-java-8.0.28\mysql-connector-java-8.0.28.jar;C:\Program Files\NetBeans-12.5\netbeans\java\modules\ext\AbsoluteLayout.jar;C:\Users\acer\Documents\GitHub\New folder\aplikasi-kasir-sederhana-java-netbeans\itextpdf-5.5.9.jar;C:\Users\acer\Documents\GitHub\New folder\Tugas_java_WPA\build\classes
Launcher Type: SUN_STANDARD

[Global flags]
     intx CICompilerCount                          = 3                                         {product} {ergonomic}
   size_t InitialHeapSize                          = 29360128                                  {product} {ergonomic}
   size_t MaxHeapSize                              = 461373440                                 {product} {ergonomic}
   size_t MaxNewSize                               = 153747456                                 {product} {ergonomic}
   size_t MinHeapDeltaBytes                        = 196608                                    {product} {ergonomic}
   size_t MinHeapSize                              = 8388608                                   {product} {ergonomic}
   size_t NewSize                                  = 9764864                                   {product} {ergonomic}
    uintx NonNMethodCodeHeapSize                   = 5832780                                {pd product} {ergonomic}
    uintx NonProfiledCodeHeapSize                  = 122912730                              {pd product} {ergonomic}
   size_t OldSize                                  = 19595264                                  {product} {ergonomic}
    uintx ProfiledCodeHeapSize                     = 122912730                              {pd product} {ergonomic}
    uintx ReservedCodeCacheSize                    = 251658240                              {pd product} {ergonomic}
     bool SegmentedCodeCache                       = true                                      {product} {ergonomic}
   size_t SoftMaxHeapSize                          = 461373440                              {manageable} {ergonomic}
     bool UseCompressedClassPointers               = true                           {product lp64_product} {ergonomic}
     bool UseCompressedOops                        = true                           {product lp64_product} {ergonomic}
     bool UseLargePagesIndividualAllocation        = false                                  {pd product} {ergonomic}
     bool UseSerialGC                              = true                                      {product} {ergonomic}

Logging:
Log output configuration:
 #0: stdout all=warning uptime,level,tags
 #1: stderr all=off uptime,level,tags

Environment Variables:
PATH=C:\Program Files\Common Files\Oracle\Java\javapath;C:\Program Files (x86)\Common Files\Intel\Shared Files\cpp\bin\Intel64;C:\Windows\system32;C:\Windows;C:\Windows\System32\Wbem;C:\Windows\System32\WindowsPowerShell\v1.0\;C:\Windows\System32\OpenSSH\;C:\Program Files\Git\cmd;C:\Users\acer\AppData\Local\Microsoft\WindowsApps;C:\Users\acer\AppData\Local\Programs\Microsoft VS Code\bin;C:\Users\acer\AppData\Local\GitHubDesktop\bin
USERNAME=acer
OS=Windows_NT
PROCESSOR_IDENTIFIER=AMD64 Family 22 Model 48 Stepping 1, AuthenticAMD



---------------  S Y S T E M  ---------------

OS:
 Windows 10 , 64 bit Build 19041 (10.0.19041.1706)
OS uptime: 1 days 12:51 hours

CPU: total 4 (initial active 4) (4 cores per cpu, 1 threads per core) family 22 model 48 stepping 1 microcode 0x0, cx8, cmov, fxsr, mmx, 3dnowpref, sse, sse2, sse3, ssse3, sse4a, sse4.1, sse4.2, popcnt, lzcnt, tsc, tscinvbit, avx, aes, clmul, bmi1, vzeroupper, clflush

Memory: 4k page, system-wide physical 1755M (260M free)
TotalPageFile size 7131M (AvailPageFile size 3M)
current process WorkingSet (physical memory assigned to process): 122M, peak: 125M
current process commit charge ("private bytes"): 153M, peak: 154M

vm_info: Java HotSpot(TM) 64-Bit Server VM (17.0.2+8-LTS-86) for windows-amd64 JRE (17.0.2+8-LTS-86), built on Dec  7 2021 21:51:03 by "mach5one" with MS VC++ 16.8 / 16.9 (VS2019)

END.
